build/app/intermediates/manifest_merge_blame_file/release/manifest-merger-blame-release-report.txt
1<?xml version="1.0" encoding="utf-8"?>
2<manifest xmlns:android="http://schemas.android.com/apk/res/android"
3    package="com.fownd.app"
4    android:versionCode="10"
5    android:versionName="3.0.0" >
6
7    <uses-sdk
8        android:minSdkVersion="21"
8-->src\main\AndroidManifest.xml
9        android:targetSdkVersion="33" />
9-->src\main\AndroidManifest.xml
10
11    <uses-permission android:name="android.permission.INTERNET" />
11-->src\main\AndroidManifest.xml:4:5-66
11-->src\main\AndroidManifest.xml:4:22-64
12    <uses-permission android:name="android.permission.ACCESS_FINE_LOCATION" />
12-->src\main\AndroidManifest.xml:5:5-78
12-->src\main\AndroidManifest.xml:5:22-76
13    <uses-permission android:name="android.permission.ACCESS_COARSE_LOCATION" />
13-->src\main\AndroidManifest.xml:6:5-80
13-->src\main\AndroidManifest.xml:6:22-78
14    <uses-permission android:name="android.permission.ACCESS_NETWORK_STATE" />
14-->src\main\AndroidManifest.xml:7:5-79
14-->src\main\AndroidManifest.xml:7:22-76
15    <uses-permission android:name="android.permission.WAKE_LOCK" /> <!-- Permissions options for the `notification` group -->
15-->[:firebase_messaging] AndroidManifest.xml:8:5-68
15-->[:firebase_messaging] AndroidManifest.xml:8:22-65
16    <uses-permission android:name="android.permission.POST_NOTIFICATIONS" />
16-->[:firebase_messaging] AndroidManifest.xml:11:5-77
16-->[:firebase_messaging] AndroidManifest.xml:11:22-74
17    <uses-permission android:name="android.permission.FOREGROUND_SERVICE" />
17-->[:geolocator_android] AndroidManifest.xml:7:5-77
17-->[:geolocator_android] AndroidManifest.xml:7:22-74
18    <uses-permission android:name="android.permission.READ_EXTERNAL_STORAGE" />
18-->[:image_picker] AndroidManifest.xml:7:5-80
18-->[:image_picker] AndroidManifest.xml:7:22-77
19    <uses-permission android:name="android.permission.WRITE_EXTERNAL_STORAGE" /> <!-- Required by older versions of Google Play services to create IID tokens -->
19-->[:image_picker] AndroidManifest.xml:8:5-81
19-->[:image_picker] AndroidManifest.xml:8:22-78
20    <uses-permission android:name="com.google.android.c2dm.permission.RECEIVE" />
20-->[com.google.firebase:firebase-messaging:23.1.0] AndroidManifest.xml:28:5-82
20-->[com.google.firebase:firebase-messaging:23.1.0] AndroidManifest.xml:28:22-79
21
22    <uses-feature
22-->[com.google.android.gms:play-services-maps:18.1.0] AndroidManifest.xml:26:5-28:35
23        android:glEsVersion="0x00020000"
23-->[com.google.android.gms:play-services-maps:18.1.0] AndroidManifest.xml:27:9-41
24        android:required="true" />
24-->[com.google.android.gms:play-services-maps:18.1.0] AndroidManifest.xml:28:9-32
25
26    <queries>
26-->[com.google.android.gms:play-services-maps:18.1.0] AndroidManifest.xml:30:5-34:15
27
28        <!-- Needs to be explicitly declared on Android R+ -->
29        <package android:name="com.google.android.apps.maps" />
29-->[com.google.android.gms:play-services-maps:18.1.0] AndroidManifest.xml:33:9-64
29-->[com.google.android.gms:play-services-maps:18.1.0] AndroidManifest.xml:33:18-61
30    </queries>
31
32    <permission
32-->[androidx.core:core:1.9.0] AndroidManifest.xml:22:5-24:47
33        android:name="com.fownd.app.DYNAMIC_RECEIVER_NOT_EXPORTED_PERMISSION"
33-->[androidx.core:core:1.9.0] AndroidManifest.xml:23:9-81
34        android:protectionLevel="signature" />
34-->[androidx.core:core:1.9.0] AndroidManifest.xml:24:9-44
35
36    <uses-permission android:name="com.fownd.app.DYNAMIC_RECEIVER_NOT_EXPORTED_PERMISSION" />
36-->[androidx.core:core:1.9.0] AndroidManifest.xml:26:5-97
36-->[androidx.core:core:1.9.0] AndroidManifest.xml:26:22-94
37    <!--
38 io.flutter.app.FlutterApplication is an android.app.Application that
39         calls FlutterMain.startInitialization(this); in its onCreate method.
40         In most cases you can leave this as-is, but you if you want to provide
41         additional functionality it is fine to subclass or reimplement
42         FlutterApplication and put your custom class here.
43    -->
44    <application
44-->src\main\AndroidManifest.xml:13:5-61:19
45        android:appComponentFactory="androidx.core.app.CoreComponentFactory"
45-->[androidx.core:core:1.9.0] AndroidManifest.xml:28:18-86
46        android:icon="@mipmap/ic_launcher"
46-->src\main\AndroidManifest.xml:15:9-43
47        android:label="Fownd" >
47-->src\main\AndroidManifest.xml:14:9-30
48        <meta-data
48-->src\main\AndroidManifest.xml:17:9-18:77
49            android:name="com.google.android.geo.API_KEY"
49-->src\main\AndroidManifest.xml:17:20-65
50            android:value="AIzaSyCUwR60JXqQWI5nX1t_oxZyDx-GQxVSgKw" />
50-->src\main\AndroidManifest.xml:18:20-75
51        <meta-data
51-->src\main\AndroidManifest.xml:19:9-21:62
52            android:name="com.google.firebase.messaging.default_notification_icon"
52-->src\main\AndroidManifest.xml:20:17-87
53            android:resource="@mipmap/ic_notification" />
53-->src\main\AndroidManifest.xml:21:17-59
54
55        <activity
55-->src\main\AndroidManifest.xml:22:9-55:20
56            android:name="com.fownd.app.MainActivity"
56-->src\main\AndroidManifest.xml:23:13-41
57            android:configChanges="orientation|keyboardHidden|keyboard|screenSize|smallestScreenSize|locale|layoutDirection|fontScale|screenLayout|density|uiMode"
57-->src\main\AndroidManifest.xml:26:13-163
58            android:exported="true"
58-->src\main\AndroidManifest.xml:29:13-36
59            android:hardwareAccelerated="true"
59-->src\main\AndroidManifest.xml:27:13-47
60            android:launchMode="singleTop"
60-->src\main\AndroidManifest.xml:24:13-43
61            android:theme="@style/LaunchTheme"
61-->src\main\AndroidManifest.xml:25:13-47
62            android:windowSoftInputMode="adjustResize" >
62-->src\main\AndroidManifest.xml:28:13-55
63
64            <!--
65                 This keeps the window background of the activity showing
66                 until Flutter renders its first frame. It can be removed if
67                 there is no splash screen (such as the default splash screen
68                 defined in @style/LaunchTheme).
69            -->
70            <meta-data
70-->src\main\AndroidManifest.xml:34:13-37:17
71                android:name="io.flutter.embedding.android.NormalTheme"
71-->src\main\AndroidManifest.xml:35:15-70
72                android:resource="@style/NormalTheme" />
72-->src\main\AndroidManifest.xml:36:15-52
73            <!--
74                 Displays an Android View that continues showing the launch screen
75                 Drawable until Flutter paints its first frame, then this splash
76                 screen fades out. A splash screen is useful to avoid any visual
77                 gap between the end of Android's launch screen and the painting of
78                 Flutter's first frame.
79            -->
80            <meta-data
80-->src\main\AndroidManifest.xml:43:13-46:17
81                android:name="io.flutter.embedding.android.SplashScreenDrawable"
81-->src\main\AndroidManifest.xml:44:15-79
82                android:resource="@drawable/launch_background" />
82-->src\main\AndroidManifest.xml:45:15-61
83
84            <intent-filter>
84-->src\main\AndroidManifest.xml:47:13-50:29
85                <action android:name="android.intent.action.MAIN" />
85-->src\main\AndroidManifest.xml:48:17-68
85-->src\main\AndroidManifest.xml:48:25-66
86
87                <category android:name="android.intent.category.LAUNCHER" />
87-->src\main\AndroidManifest.xml:49:17-76
87-->src\main\AndroidManifest.xml:49:27-74
88            </intent-filter>
89            <intent-filter>
89-->src\main\AndroidManifest.xml:51:13-54:29
90                <action android:name="FLUTTER_NOTIFICATION_CLICK" />
90-->src\main\AndroidManifest.xml:52:17-69
90-->src\main\AndroidManifest.xml:52:25-66
91
92                <category android:name="android.intent.category.DEFAULT" />
92-->src\main\AndroidManifest.xml:53:17-76
92-->src\main\AndroidManifest.xml:53:27-73
93            </intent-filter>
94        </activity>
95        <!--
96             Don't delete the meta-data below.
97             This is used by the Flutter tool to generate GeneratedPluginRegistrant.java
98        -->
99        <meta-data
99-->src\main\AndroidManifest.xml:58:9-60:33
100            android:name="flutterEmbedding"
100-->src\main\AndroidManifest.xml:59:13-44
101            android:value="2" />
101-->src\main\AndroidManifest.xml:60:13-30
102
103        <service
103-->[:cloud_firestore] AndroidManifest.xml:8:9-12:19
104            android:name="com.google.firebase.components.ComponentDiscoveryService"
104-->[:cloud_firestore] AndroidManifest.xml:8:18-89
105            android:directBootAware="true"
105-->[com.google.firebase:firebase-common:20.2.0] AndroidManifest.xml:34:13-43
106            android:exported="false" >
106-->[com.google.firebase:firebase-messaging:23.1.0] AndroidManifest.xml:54:13-37
107            <meta-data
107-->[:cloud_firestore] AndroidManifest.xml:9:13-11:85
108                android:name="com.google.firebase.components:io.flutter.plugins.firebase.firestore.FlutterFirebaseFirestoreRegistrar"
108-->[:cloud_firestore] AndroidManifest.xml:10:17-134
109                android:value="com.google.firebase.components.ComponentRegistrar" />
109-->[:cloud_firestore] AndroidManifest.xml:11:17-82
110            <meta-data
110-->[:firebase_auth] AndroidManifest.xml:9:13-11:85
111                android:name="com.google.firebase.components:io.flutter.plugins.firebase.auth.FlutterFirebaseAuthRegistrar"
111-->[:firebase_auth] AndroidManifest.xml:10:17-124
112                android:value="com.google.firebase.components.ComponentRegistrar" />
112-->[:firebase_auth] AndroidManifest.xml:11:17-82
113            <meta-data
113-->[:firebase_storage] AndroidManifest.xml:9:13-11:85
114                android:name="com.google.firebase.components:io.flutter.plugins.firebase.storage.FlutterFirebaseAppRegistrar"
114-->[:firebase_storage] AndroidManifest.xml:10:17-126
115                android:value="com.google.firebase.components.ComponentRegistrar" />
115-->[:firebase_storage] AndroidManifest.xml:11:17-82
116            <meta-data
116-->[:firebase_messaging] AndroidManifest.xml:36:13-38:85
117                android:name="com.google.firebase.components:io.flutter.plugins.firebase.messaging.FlutterFirebaseAppRegistrar"
117-->[:firebase_messaging] AndroidManifest.xml:37:17-128
118                android:value="com.google.firebase.components.ComponentRegistrar" />
118-->[:firebase_messaging] AndroidManifest.xml:38:17-82
119            <meta-data
119-->[:firebase_core] AndroidManifest.xml:9:13-11:85
120                android:name="com.google.firebase.components:io.flutter.plugins.firebase.core.FlutterFirebaseCoreRegistrar"
120-->[:firebase_core] AndroidManifest.xml:10:17-124
121                android:value="com.google.firebase.components.ComponentRegistrar" />
121-->[:firebase_core] AndroidManifest.xml:11:17-82
122            <meta-data
122-->[com.google.firebase:firebase-messaging:23.1.0] AndroidManifest.xml:55:13-57:85
123                android:name="com.google.firebase.components:com.google.firebase.messaging.FirebaseMessagingRegistrar"
123-->[com.google.firebase:firebase-messaging:23.1.0] AndroidManifest.xml:56:17-119
124                android:value="com.google.firebase.components.ComponentRegistrar" />
124-->[com.google.firebase:firebase-messaging:23.1.0] AndroidManifest.xml:57:17-82
125            <meta-data
125-->[com.google.firebase:firebase-auth:21.1.0] AndroidManifest.xml:67:13-69:85
126                android:name="com.google.firebase.components:com.google.firebase.auth.FirebaseAuthRegistrar"
126-->[com.google.firebase:firebase-auth:21.1.0] AndroidManifest.xml:68:17-109
127                android:value="com.google.firebase.components.ComponentRegistrar" />
127-->[com.google.firebase:firebase-auth:21.1.0] AndroidManifest.xml:69:17-82
128            <meta-data
128-->[com.google.firebase:firebase-iid:21.1.0] AndroidManifest.xml:32:13-34:85
129                android:name="com.google.firebase.components:com.google.firebase.iid.Registrar"
129-->[com.google.firebase:firebase-iid:21.1.0] AndroidManifest.xml:33:17-96
130                android:value="com.google.firebase.components.ComponentRegistrar" />
130-->[com.google.firebase:firebase-iid:21.1.0] AndroidManifest.xml:34:17-82
131            <meta-data
131-->[com.google.firebase:firebase-firestore:24.4.0] AndroidManifest.xml:19:13-21:85
132                android:name="com.google.firebase.components:com.google.firebase.firestore.FirestoreRegistrar"
132-->[com.google.firebase:firebase-firestore:24.4.0] AndroidManifest.xml:20:17-111
133                android:value="com.google.firebase.components.ComponentRegistrar" />
133-->[com.google.firebase:firebase-firestore:24.4.0] AndroidManifest.xml:21:17-82
134            <meta-data
134-->[com.google.firebase:firebase-storage:20.1.0] AndroidManifest.xml:32:13-34:85
135                android:name="com.google.firebase.components:com.google.firebase.storage.StorageRegistrar"
135-->[com.google.firebase:firebase-storage:20.1.0] AndroidManifest.xml:33:17-107
136                android:value="com.google.firebase.components.ComponentRegistrar" />
136-->[com.google.firebase:firebase-storage:20.1.0] AndroidManifest.xml:34:17-82
137            <meta-data
137-->[com.google.firebase:firebase-installations:17.1.0] AndroidManifest.xml:17:13-19:85
138                android:name="com.google.firebase.components:com.google.firebase.installations.FirebaseInstallationsRegistrar"
138-->[com.google.firebase:firebase-installations:17.1.0] AndroidManifest.xml:18:17-127
139                android:value="com.google.firebase.components.ComponentRegistrar" />
139-->[com.google.firebase:firebase-installations:17.1.0] AndroidManifest.xml:19:17-82
140            <meta-data
140-->[com.google.firebase:firebase-datatransport:18.1.7] AndroidManifest.xml:27:13-29:85
141                android:name="com.google.firebase.components:com.google.firebase.datatransport.TransportRegistrar"
141-->[com.google.firebase:firebase-datatransport:18.1.7] AndroidManifest.xml:28:17-115
142                android:value="com.google.firebase.components.ComponentRegistrar" />
142-->[com.google.firebase:firebase-datatransport:18.1.7] AndroidManifest.xml:29:17-82
143        </service>
144        <service
144-->[:firebase_messaging] AndroidManifest.xml:14:9-17:72
145            android:name="io.flutter.plugins.firebase.messaging.FlutterFirebaseMessagingBackgroundService"
145-->[:firebase_messaging] AndroidManifest.xml:15:13-107
146            android:exported="false"
146-->[:firebase_messaging] AndroidManifest.xml:16:13-37
147            android:permission="android.permission.BIND_JOB_SERVICE" />
147-->[:firebase_messaging] AndroidManifest.xml:17:13-69
148        <service
148-->[:firebase_messaging] AndroidManifest.xml:18:9-24:19
149            android:name="io.flutter.plugins.firebase.messaging.FlutterFirebaseMessagingService"
149-->[:firebase_messaging] AndroidManifest.xml:19:13-97
150            android:exported="false" >
150-->[:firebase_messaging] AndroidManifest.xml:20:13-37
151            <intent-filter>
151-->[:firebase_messaging] AndroidManifest.xml:21:13-23:29
152                <action android:name="com.google.firebase.MESSAGING_EVENT" />
152-->[:firebase_messaging] AndroidManifest.xml:22:17-78
152-->[:firebase_messaging] AndroidManifest.xml:22:25-75
153            </intent-filter>
154        </service>
155
156        <receiver
156-->[:firebase_messaging] AndroidManifest.xml:26:9-33:20
157            android:name="io.flutter.plugins.firebase.messaging.FlutterFirebaseMessagingReceiver"
157-->[:firebase_messaging] AndroidManifest.xml:27:13-98
158            android:exported="true"
158-->[:firebase_messaging] AndroidManifest.xml:28:13-36
159            android:permission="com.google.android.c2dm.permission.SEND" >
159-->[:firebase_messaging] AndroidManifest.xml:29:13-73
160            <intent-filter>
160-->[:firebase_messaging] AndroidManifest.xml:30:13-32:29
161                <action android:name="com.google.android.c2dm.intent.RECEIVE" />
161-->[:firebase_messaging] AndroidManifest.xml:31:17-81
161-->[:firebase_messaging] AndroidManifest.xml:31:25-78
162            </intent-filter>
163        </receiver>
164
165        <provider
165-->[:firebase_messaging] AndroidManifest.xml:41:9-45:38
166            android:name="io.flutter.plugins.firebase.messaging.FlutterFirebaseMessagingInitProvider"
166-->[:firebase_messaging] AndroidManifest.xml:42:13-102
167            android:authorities="com.fownd.app.flutterfirebasemessaginginitprovider"
167-->[:firebase_messaging] AndroidManifest.xml:43:13-88
168            android:exported="false"
168-->[:firebase_messaging] AndroidManifest.xml:44:13-37
169            android:initOrder="99" />
169-->[:firebase_messaging] AndroidManifest.xml:45:13-35
170
171        <service
171-->[:geolocator_android] AndroidManifest.xml:10:9-14:56
172            android:name="com.baseflow.geolocator.GeolocatorLocationService"
172-->[:geolocator_android] AndroidManifest.xml:11:13-77
173            android:enabled="true"
173-->[:geolocator_android] AndroidManifest.xml:12:13-35
174            android:exported="false"
174-->[:geolocator_android] AndroidManifest.xml:13:13-37
175            android:foregroundServiceType="location" />
175-->[:geolocator_android] AndroidManifest.xml:14:13-53
176
177        <provider
177-->[:image_picker] AndroidManifest.xml:11:9-19:20
178            android:name="io.flutter.plugins.imagepicker.ImagePickerFileProvider"
178-->[:image_picker] AndroidManifest.xml:12:13-82
179            android:authorities="com.fownd.app.flutter.image_provider"
179-->[:image_picker] AndroidManifest.xml:13:13-74
180            android:exported="false"
180-->[:image_picker] AndroidManifest.xml:14:13-37
181            android:grantUriPermissions="true" >
181-->[:image_picker] AndroidManifest.xml:15:13-47
182            <meta-data
182-->[:image_picker] AndroidManifest.xml:16:13-18:75
183                android:name="android.support.FILE_PROVIDER_PATHS"
183-->[:image_picker] AndroidManifest.xml:17:17-67
184                android:resource="@xml/flutter_image_picker_file_paths" />
184-->[:image_picker] AndroidManifest.xml:18:17-72
185        </provider>
186
187        <activity
187-->[:url_launcher_android] AndroidManifest.xml:8:9-11:74
188            android:name="io.flutter.plugins.urllauncher.WebViewActivity"
188-->[:url_launcher_android] AndroidManifest.xml:9:13-74
189            android:exported="false"
189-->[:url_launcher_android] AndroidManifest.xml:10:13-37
190            android:theme="@android:style/Theme.NoTitleBar.Fullscreen" />
190-->[:url_launcher_android] AndroidManifest.xml:11:13-71
191
192        <service
192-->[:location] AndroidManifest.xml:11:9-15:56
193            android:name="com.lyokone.location.FlutterLocationService"
193-->[:location] AndroidManifest.xml:12:13-71
194            android:enabled="true"
194-->[:location] AndroidManifest.xml:13:13-35
195            android:exported="false"
195-->[:location] AndroidManifest.xml:14:13-37
196            android:foregroundServiceType="location" />
196-->[:location] AndroidManifest.xml:15:13-53
197
198        <uses-library
198-->[androidx.window:window:1.0.0-beta04] AndroidManifest.xml:25:9-27:40
199            android:name="androidx.window.extensions"
199-->[androidx.window:window:1.0.0-beta04] AndroidManifest.xml:26:13-54
200            android:required="false" />
200-->[androidx.window:window:1.0.0-beta04] AndroidManifest.xml:27:13-37
201        <uses-library
201-->[androidx.window:window:1.0.0-beta04] AndroidManifest.xml:28:9-30:40
202            android:name="androidx.window.sidecar"
202-->[androidx.window:window:1.0.0-beta04] AndroidManifest.xml:29:13-51
203            android:required="false" />
203-->[androidx.window:window:1.0.0-beta04] AndroidManifest.xml:30:13-37
204
205        <receiver
205-->[com.google.firebase:firebase-messaging:23.1.0] AndroidManifest.xml:31:9-38:20
206            android:name="com.google.firebase.iid.FirebaseInstanceIdReceiver"
206-->[com.google.firebase:firebase-messaging:23.1.0] AndroidManifest.xml:32:13-78
207            android:exported="true"
207-->[com.google.firebase:firebase-messaging:23.1.0] AndroidManifest.xml:33:13-36
208            android:permission="com.google.android.c2dm.permission.SEND" >
208-->[com.google.firebase:firebase-messaging:23.1.0] AndroidManifest.xml:34:13-73
209            <intent-filter>
209-->[:firebase_messaging] AndroidManifest.xml:30:13-32:29
210                <action android:name="com.google.android.c2dm.intent.RECEIVE" />
210-->[:firebase_messaging] AndroidManifest.xml:31:17-81
210-->[:firebase_messaging] AndroidManifest.xml:31:25-78
211            </intent-filter>
212        </receiver>
213        <!--
214             FirebaseMessagingService performs security checks at runtime,
215             but set to not exported to explicitly avoid allowing another app to call it.
216        -->
217        <service
217-->[com.google.firebase:firebase-messaging:23.1.0] AndroidManifest.xml:44:9-51:19
218            android:name="com.google.firebase.messaging.FirebaseMessagingService"
218-->[com.google.firebase:firebase-messaging:23.1.0] AndroidManifest.xml:45:13-82
219            android:directBootAware="true"
219-->[com.google.firebase:firebase-messaging:23.1.0] AndroidManifest.xml:46:13-43
220            android:exported="false" >
220-->[com.google.firebase:firebase-messaging:23.1.0] AndroidManifest.xml:47:13-37
221            <intent-filter android:priority="-500" >
221-->[:firebase_messaging] AndroidManifest.xml:21:13-23:29
222                <action android:name="com.google.firebase.MESSAGING_EVENT" />
222-->[:firebase_messaging] AndroidManifest.xml:22:17-78
222-->[:firebase_messaging] AndroidManifest.xml:22:25-75
223            </intent-filter>
224        </service>
225
226        <activity
226-->[com.google.firebase:firebase-auth:21.1.0] AndroidManifest.xml:27:9-44:20
227            android:name="com.google.firebase.auth.internal.GenericIdpActivity"
227-->[com.google.firebase:firebase-auth:21.1.0] AndroidManifest.xml:28:13-80
228            android:excludeFromRecents="true"
228-->[com.google.firebase:firebase-auth:21.1.0] AndroidManifest.xml:29:13-46
229            android:exported="true"
229-->[com.google.firebase:firebase-auth:21.1.0] AndroidManifest.xml:30:13-36
230            android:launchMode="singleTask"
230-->[com.google.firebase:firebase-auth:21.1.0] AndroidManifest.xml:31:13-44
231            android:theme="@android:style/Theme.Translucent.NoTitleBar" >
231-->[com.google.firebase:firebase-auth:21.1.0] AndroidManifest.xml:32:13-72
232            <intent-filter>
232-->[com.google.firebase:firebase-auth:21.1.0] AndroidManifest.xml:33:13-43:29
233                <action android:name="android.intent.action.VIEW" />
233-->[com.google.firebase:firebase-auth:21.1.0] AndroidManifest.xml:34:17-69
233-->[com.google.firebase:firebase-auth:21.1.0] AndroidManifest.xml:34:25-66
234
235                <category android:name="android.intent.category.DEFAULT" />
235-->src\main\AndroidManifest.xml:53:17-76
235-->src\main\AndroidManifest.xml:53:27-73
236                <category android:name="android.intent.category.BROWSABLE" />
236-->[com.google.firebase:firebase-auth:21.1.0] AndroidManifest.xml:37:17-78
236-->[com.google.firebase:firebase-auth:21.1.0] AndroidManifest.xml:37:27-75
237
238                <data
238-->[com.google.firebase:firebase-auth:21.1.0] AndroidManifest.xml:39:17-42:51
239                    android:host="firebase.auth"
239-->[com.google.firebase:firebase-auth:21.1.0] AndroidManifest.xml:40:21-49
240                    android:path="/"
240-->[com.google.firebase:firebase-auth:21.1.0] AndroidManifest.xml:41:21-37
241                    android:scheme="genericidp" />
241-->[com.google.firebase:firebase-auth:21.1.0] AndroidManifest.xml:42:21-48
242            </intent-filter>
243        </activity>
244        <activity
244-->[com.google.firebase:firebase-auth:21.1.0] AndroidManifest.xml:45:9-62:20
245            android:name="com.google.firebase.auth.internal.RecaptchaActivity"
245-->[com.google.firebase:firebase-auth:21.1.0] AndroidManifest.xml:46:13-79
246            android:excludeFromRecents="true"
246-->[com.google.firebase:firebase-auth:21.1.0] AndroidManifest.xml:47:13-46
247            android:exported="true"
247-->[com.google.firebase:firebase-auth:21.1.0] AndroidManifest.xml:48:13-36
248            android:launchMode="singleTask"
248-->[com.google.firebase:firebase-auth:21.1.0] AndroidManifest.xml:49:13-44
249            android:theme="@android:style/Theme.Translucent.NoTitleBar" >
249-->[com.google.firebase:firebase-auth:21.1.0] AndroidManifest.xml:50:13-72
250            <intent-filter>
250-->[com.google.firebase:firebase-auth:21.1.0] AndroidManifest.xml:51:13-61:29
251                <action android:name="android.intent.action.VIEW" />
251-->[com.google.firebase:firebase-auth:21.1.0] AndroidManifest.xml:34:17-69
251-->[com.google.firebase:firebase-auth:21.1.0] AndroidManifest.xml:34:25-66
252
253                <category android:name="android.intent.category.DEFAULT" />
253-->src\main\AndroidManifest.xml:53:17-76
253-->src\main\AndroidManifest.xml:53:27-73
254                <category android:name="android.intent.category.BROWSABLE" />
254-->[com.google.firebase:firebase-auth:21.1.0] AndroidManifest.xml:37:17-78
254-->[com.google.firebase:firebase-auth:21.1.0] AndroidManifest.xml:37:27-75
255
256                <data
256-->[com.google.firebase:firebase-auth:21.1.0] AndroidManifest.xml:39:17-42:51
257                    android:host="firebase.auth"
257-->[com.google.firebase:firebase-auth:21.1.0] AndroidManifest.xml:40:21-49
258                    android:path="/"
258-->[com.google.firebase:firebase-auth:21.1.0] AndroidManifest.xml:41:21-37
259                    android:scheme="recaptcha" />
259-->[com.google.firebase:firebase-auth:21.1.0] AndroidManifest.xml:42:21-48
260            </intent-filter>
261        </activity> <!-- Needs to be explicitly declared on P+ -->
262        <uses-library
262-->[com.google.android.gms:play-services-maps:18.1.0] AndroidManifest.xml:39:9-41:40
263            android:name="org.apache.http.legacy"
263-->[com.google.android.gms:play-services-maps:18.1.0] AndroidManifest.xml:40:13-50
264            android:required="false" />
264-->[com.google.android.gms:play-services-maps:18.1.0] AndroidManifest.xml:41:13-37
265
266        <activity
266-->[com.google.android.gms:play-services-base:18.1.0] AndroidManifest.xml:20:9-22:45
267            android:name="com.google.android.gms.common.api.GoogleApiActivity"
267-->[com.google.android.gms:play-services-base:18.1.0] AndroidManifest.xml:20:19-85
268            android:exported="false"
268-->[com.google.android.gms:play-services-base:18.1.0] AndroidManifest.xml:22:19-43
269            android:theme="@android:style/Theme.Translucent.NoTitleBar" />
269-->[com.google.android.gms:play-services-base:18.1.0] AndroidManifest.xml:21:19-78
270
271        <provider
271-->[com.google.firebase:firebase-common:20.2.0] AndroidManifest.xml:25:9-30:39
272            android:name="com.google.firebase.provider.FirebaseInitProvider"
272-->[com.google.firebase:firebase-common:20.2.0] AndroidManifest.xml:26:13-77
273            android:authorities="com.fownd.app.firebaseinitprovider"
273-->[com.google.firebase:firebase-common:20.2.0] AndroidManifest.xml:27:13-72
274            android:directBootAware="true"
274-->[com.google.firebase:firebase-common:20.2.0] AndroidManifest.xml:28:13-43
275            android:exported="false"
275-->[com.google.firebase:firebase-common:20.2.0] AndroidManifest.xml:29:13-37
276            android:initOrder="100" />
276-->[com.google.firebase:firebase-common:20.2.0] AndroidManifest.xml:30:13-36
277
278        <meta-data
278-->[com.google.android.gms:play-services-basement:18.1.0] AndroidManifest.xml:21:9-23:69
279            android:name="com.google.android.gms.version"
279-->[com.google.android.gms:play-services-basement:18.1.0] AndroidManifest.xml:22:13-58
280            android:value="@integer/google_play_services_version" />
280-->[com.google.android.gms:play-services-basement:18.1.0] AndroidManifest.xml:23:13-66
281
282        <service
282-->[com.google.android.datatransport:transport-backend-cct:3.1.8] AndroidManifest.xml:28:9-34:19
283            android:name="com.google.android.datatransport.runtime.backends.TransportBackendDiscovery"
283-->[com.google.android.datatransport:transport-backend-cct:3.1.8] AndroidManifest.xml:29:13-103
284            android:exported="false" >
284-->[com.google.android.datatransport:transport-backend-cct:3.1.8] AndroidManifest.xml:30:13-37
285            <meta-data
285-->[com.google.android.datatransport:transport-backend-cct:3.1.8] AndroidManifest.xml:31:13-33:39
286                android:name="backend:com.google.android.datatransport.cct.CctBackendFactory"
286-->[com.google.android.datatransport:transport-backend-cct:3.1.8] AndroidManifest.xml:32:17-94
287                android:value="cct" />
287-->[com.google.android.datatransport:transport-backend-cct:3.1.8] AndroidManifest.xml:33:17-36
288        </service>
289        <service
289-->[com.google.android.datatransport:transport-runtime:3.1.8] AndroidManifest.xml:26:9-30:19
290            android:name="com.google.android.datatransport.runtime.scheduling.jobscheduling.JobInfoSchedulerService"
290-->[com.google.android.datatransport:transport-runtime:3.1.8] AndroidManifest.xml:27:13-117
291            android:exported="false"
291-->[com.google.android.datatransport:transport-runtime:3.1.8] AndroidManifest.xml:28:13-37
292            android:permission="android.permission.BIND_JOB_SERVICE" >
292-->[com.google.android.datatransport:transport-runtime:3.1.8] AndroidManifest.xml:29:13-69
293        </service>
294
295        <receiver